0 info it worked if it ends with ok
1 verbose cli [ '/usr/local/bin/node', '/usr/local/bin/npm', 'install', 'fs' ]
2 info using npm@3.3.12
3 info using node@v5.3.0
4 silly loadCurrentTree Starting
5 silly install loadCurrentTree
6 silly install readLocalPackageData
7 silly fetchPackageMetaData fs
8 silly fetchNamedPackageData fs
9 silly mapToRegistry name fs
10 silly mapToRegistry using default registry
11 silly mapToRegistry registry https://registry.npmjs.org/
12 silly mapToRegistry uri https://registry.npmjs.org/fs
13 verbose request uri https://registry.npmjs.org/fs
14 verbose request no auth needed
15 info attempt registry request try #1 at 5:16:22 PM
16 verbose request id 79ebb83f909ae7f3
17 verbose etag W/"58ea0e6b-d6c"
18 verbose lastModified Sun, 09 Apr 2017 10:35:23 GMT
19 http request GET https://registry.npmjs.org/fs
20 http 304 https://registry.npmjs.org/fs
21 verbose headers { date: 'Wed, 19 Apr 2017 21:16:22 GMT',
21 verbose headers   via: '1.1 varnish',
21 verbose headers   'cache-control': 'max-age=300',
21 verbose headers   etag: 'W/"58ea0e6b-d6c"',
21 verbose headers   age: '139',
21 verbose headers   connection: 'keep-alive',
21 verbose headers   'x-served-by': 'cache-jfk8132-JFK',
21 verbose headers   'x-cache': 'HIT',
21 verbose headers   'x-cache-hits': '1381',
21 verbose headers   'x-timer': 'S1492636582.454017,VS0,VE0',
21 verbose headers   vary: 'Accept-Encoding' }
22 silly get cb [ 304,
22 silly get   { date: 'Wed, 19 Apr 2017 21:16:22 GMT',
22 silly get     via: '1.1 varnish',
22 silly get     'cache-control': 'max-age=300',
22 silly get     etag: 'W/"58ea0e6b-d6c"',
22 silly get     age: '139',
22 silly get     connection: 'keep-alive',
22 silly get     'x-served-by': 'cache-jfk8132-JFK',
22 silly get     'x-cache': 'HIT',
22 silly get     'x-cache-hits': '1381',
22 silly get     'x-timer': 'S1492636582.454017,VS0,VE0',
22 silly get     vary: 'Accept-Encoding' } ]
23 verbose etag https://registry.npmjs.org/fs from cache
24 verbose get saving fs to /Users/ivan/.npm/registry.npmjs.org/fs/.cache.json
25 silly install normalizeTree
26 silly loadCurrentTree Finishing
27 silly loadIdealTree Starting
28 silly install loadIdealTree
29 silly cloneCurrentTree Starting
30 silly install cloneCurrentTreeToIdealTree
31 silly cloneCurrentTree Finishing
32 silly loadShrinkwrap Starting
33 silly install loadShrinkwrap
34 silly loadShrinkwrap Finishing
35 silly loadAllDepsIntoIdealTree Starting
36 silly install loadAllDepsIntoIdealTree
37 silly resolveWithNewModule fs@0.0.0 checking installable status
38 silly cache add args [ 'fs', null ]
39 verbose cache add spec fs
40 silly cache add parsed spec Result {
40 silly cache add   raw: 'fs',
40 silly cache add   scope: null,
40 silly cache add   name: 'fs',
40 silly cache add   rawSpec: '',
40 silly cache add   spec: '*',
40 silly cache add   type: 'range' }
41 silly addNamed fs@*
42 verbose addNamed "*" is a valid semver range for fs
43 silly addNameRange { name: 'fs', range: '*', hasData: false }
44 silly mapToRegistry name fs
45 silly mapToRegistry using default registry
46 silly mapToRegistry registry https://registry.npmjs.org/
47 silly mapToRegistry uri https://registry.npmjs.org/fs
48 verbose addNameRange registry:https://registry.npmjs.org/fs not in flight; fetching
49 verbose get https://registry.npmjs.org/fs not expired, no request
50 silly addNameRange number 2 { name: 'fs', range: '*', hasData: true }
51 silly addNameRange versions [ 'fs', [ '0.0.1-security', '0.0.0', '0.0.2' ] ]
52 silly addNamed fs@0.0.2
53 verbose addNamed "0.0.2" is a plain semver version for fs
54 silly cache afterAdd fs@0.0.2
55 verbose afterAdd /Users/ivan/.npm/fs/0.0.2/package/package.json not in flight; writing
56 verbose afterAdd /Users/ivan/.npm/fs/0.0.2/package/package.json written
57 silly rollbackFailedOptional Starting
58 silly rollbackFailedOptional Finishing
59 silly runTopLevelLifecycles Starting
60 silly runTopLevelLifecycles Finishing
61 silly install printInstalled
62 verbose stack Error: Error extracting /Users/ivan/.npm/fs/0.0.0/package.tgz archive: ENOENT: no such file or directory, open '/Users/ivan/.npm/fs/0.0.0/package.tgz'
62 verbose stack     at ReadStream.<anonymous> (/usr/local/lib/node_modules/npm/lib/fetch-package-metadata.js:286:10)
62 verbose stack     at emitOne (events.js:77:13)
62 verbose stack     at ReadStream.emit (events.js:169:7)
62 verbose stack     at /usr/local/lib/node_modules/npm/node_modules/graceful-fs/graceful-fs.js:179:14
62 verbose stack     at /usr/local/lib/node_modules/npm/node_modules/graceful-fs/graceful-fs.js:230:16
62 verbose stack     at FSReqWrap.oncomplete (fs.js:82:15)
63 verbose cwd /Users/ivan/Documents/montyhacks
64 error Darwin 16.4.0
65 error argv "/usr/local/bin/node" "/usr/local/bin/npm" "install" "fs"
66 error node v5.3.0
67 error npm  v3.3.12
68 error code EREADFILE
69 error Error extracting /Users/ivan/.npm/fs/0.0.0/package.tgz archive: ENOENT: no such file or directory, open '/Users/ivan/.npm/fs/0.0.0/package.tgz'
70 error If you need help, you may report this error at:
70 error     <https://github.com/npm/npm/issues>
71 verbose exit [ 1, true ]
